<?xml version="1.0" encoding="UTF-8"?>
<!-- Generated by org.testng.reporters.JUnitXMLReporter -->
<testsuite ignored="0" hostname="Mayank-QA" failures="1" tests="1" name="Test" time="0.017" errors="0" timestamp="25 Jan 2023 14:53:28 GMT">
  <testcase classname="CommLoanPublicPages.PublicPages" name="openNewTab" time="0.0">
    <failure type="org.testng.TestNGException" message="
Cannot inject @Test annotated Method [openNewTab] with [interface org.openqa.selenium.WebDriver, class java.lang.String, int].
For more information on native dependency injection please refer to http://testng.org/doc/documentation-main.html#native-dependency-injection">
      <![CDATA[org.testng.TestNGException: 
Cannot inject @Test annotated Method [openNewTab] with [interface org.openqa.selenium.WebDriver, class java.lang.String, int].
For more information on native dependency injection please refer to http://testng.org/doc/documentation-main.html#native-dependency-injection
... Removed 24 stack frames]]>
    </failure>
  </testcase> <!-- openNewTab -->
</testsuite> <!-- Test -->
